This is LuaTeX, Version beta-0.80.0 (TeX Live 2015/Debian) (rev 5238)  (format=lualatex 2017.8.27)  21 OCT 2017 14:30
 restricted \write18 enabled.
**LT.tex
(./LT.tex
LaTeX2e <2016/02/01>
Babel <3.9q> and hyphenation patterns for 1 language(s) loaded.
! Undefined control sequence.
l.1 \section
          {The Lorentz Transformations}
The control sequence at the end of the top line
of your error message was never \def'ed. If you have
misspelled it (e.g., `\hobx'), type `I' and the correct
spelling (e.g., `I\hbox'). Otherwise just continue,
and I'll forget about whatever was undefined.


! LaTeX Error: Missing \begin{document}.

See the LaTeX manual or LaTeX Companion for explanation.
Type  H <return>  for immediate help.
 ...                                              
                                                  
l.1 \section{T
            he Lorentz Transformations}
You're in trouble here.  Try typing  <return>  to proceed.
If that doesn't work, type  X <return>  to quit.

LaTeX Font Info:    External font `cmex10' loaded for size
(Font)              <7> on input line 3.
LaTeX Font Info:    External font `cmex10' loaded for size
(Font)              <5> on input line 3.

Overfull \hbox (20.0pt too wide) in paragraph at lines 1--6
[][]The
 []


Overfull \hbox (5.18054pt too wide) in paragraph at lines 1--6
\OML/cmm/m/it/10 I$\nullfont .
 []


Overfull \hbox (24.956pt too wide) in paragraph at lines 1--6
\OML/cmm/m/it/10 x; y; z$
 []


Overfull \hbox (5.18054pt too wide) in paragraph at lines 1--6
\OML/cmm/m/it/10 I$
 []


Overfull \hbox (3.61111pt too wide) in paragraph at lines 1--6
\OML/cmm/m/it/10 t$
 []


Overfull \hbox (5.00002pt too wide) in paragraph at lines 1--6
\OT1/cmr/m/n/10 1$\nullfont .
 []


Overfull \hbox (33.01152pt too wide) in paragraph at lines 1--6
\OML/cmm/m/it/10 t; x; y; z$
 []


Overfull \hbox (19.60007pt too wide) in paragraph at lines 1--6
\OML/cmm/m/it/10 x[] \OT1/cmr/m/n/10 =
 []


Overfull \hbox (76.1449pt too wide) in paragraph at lines 1--6
\OT1/cmr/m/n/10 (\OML/cmm/m/it/10 x[]; x[]; x[]; x[]\OT1/cmr/m/n/10 ) :=
 []


Overfull \hbox (40.78932pt too wide) in paragraph at lines 1--6
\OT1/cmr/m/n/10 (\OML/cmm/m/it/10 t; x; y; z\OT1/cmr/m/n/10 )$\nullfont .
 []


Overfull \hbox (12.26657pt too wide) in paragraph at lines 1--6
('\OT1/cmr/m/it/10 ze-
 []


Overfull \hbox (18.017pt too wide) in paragraph at lines 1--6
\OT1/cmr/m/it/10 roth\nullfont ')
 []


! LaTeX Error: Missing \begin{document}.

See the LaTeX manual or LaTeX Companion for explanation.
Type  H <return>  for immediate help.
 ...                                              
                                                  
l.7 O
   ur next task is to find the relation between different inertial frames. I...
You're in trouble here.  Try typing  <return>  to proceed.
If that doesn't work, type  X <return>  to quit.


Overfull \hbox (20.0pt too wide) in paragraph at lines 7--8
[][]Our
 []


Overfull \hbox (5.18054pt too wide) in paragraph at lines 7--8
\OML/cmm/m/it/10 I$
 []


Overfull \hbox (12.26659pt too wide) in paragraph at lines 7--8
\OT1/cmr/m/it/10 in-
 []


Overfull \hbox (12.39433pt too wide) in paragraph at lines 7--8
\OT1/cmr/m/it/10 er-
 []


Overfull \hbox (14.05547pt too wide) in paragraph at lines 7--8
\OT1/cmr/m/it/10 tial\nullfont ,
 []


Overfull \hbox (5.18054pt too wide) in paragraph at lines 7--8
\OML/cmm/m/it/10 I$
 []


Overfull \hbox (5.18054pt too wide) in paragraph at lines 7--8
\OML/cmm/m/it/10 I$
 []

! Undefined control sequence.
l.9 	\item parallely displaced by $ \mathbb
                                         {a} $
The control sequence at the end of the top line
of your error message was never \def'ed. If you have
misspelled it (e.g., `\hobx'), type `I' and the correct
spelling (e.g., `I\hbox'). Otherwise just continue,
and I'll forget about whatever was undefined.


Overfull \hbox (5.28589pt too wide) in paragraph at lines 9--10
\OML/cmm/m/it/10 a$ 
 []

! Undefined control sequence.
l.10 	\item rotated by $ \mathbb
                              {\alpha} $
The control sequence at the end of the top line
of your error message was never \def'ed. If you have
misspelled it (e.g., `\hobx'), type `I' and the correct
spelling (e.g., `I\hbox'). Otherwise just continue,
and I'll forget about whatever was undefined.


Overfull \hbox (6.43404pt too wide) in paragraph at lines 10--11
\OML/cmm/m/it/10 $ 
 []

! Undefined control sequence.
l.11 	\item moving at constant velocity $ \mathbb
                                               {v} $
The control sequence at the end of the top line
of your error message was never \def'ed. If you have
misspelled it (e.g., `\hobx'), type `I' and the correct
spelling (e.g., `I\hbox'). Otherwise just continue,
and I'll forget about whatever was undefined.


Overfull \hbox (5.20601pt too wide) in paragraph at lines 11--12
\OML/cmm/m/it/10 v$ 
 []


Overfull \hbox (12.08365pt too wide) in paragraph at lines 12--13
\OML/cmm/m/it/10 a[]$\nullfont . 
 []

)
! Emergency stop.
<*> LT.tex
       
*** (job aborted, no legal \end found)



Here is how much of LuaTeX's memory you used:
 25 strings out of 495004
 100000,89155 words of node,token memory allocated 6647 words of node memory still in use:
   61 hlist, 3 disc, 14 math, 249 glue, 15 kern, 28 penalty, 736 glyph, 85 glue_
spec, 6 local_par, 1 dir nodes
   avail lists: 2:12,4:1,5:2,6:1,7:100,10:23
 3701 multiletter control sequences out of 65536+600000
 26 fonts using 1033735 bytes
 18i,2n,12p,372b,70s stack positions out of 5000i,500n,10000p,200000b,100000s
!  ==> Fatal error occurred, no output PDF file produced!
